0, 2019-08-15, 13:30:57, 9, 15
1, 2019-10-14, 07:13:48, 24, 23
2, 2018-08-17, 00:59:05, 28, 21
3, 2018-07-05, 10:11:50, 10, 26
4, 2018-02-27, 19:58:47, 29, 28
5, 2018-03-06, 20:16:26, 13, 1
6, 2018-04-23, 06:02:23, 29, 9
7, 2019-06-08, 20:12:30, 10, 25
8, 2019-08-23, 17:52:26, 9, 13
9, 2019-06-16, 11:20:24, 8, 2
10, 2019-07-17, 22:48:12, 13, 9
11, 2019-10-03, 06:01:52, 29, 29
12, 2019-06-08, 08:11:13, 21, 3
13, 2019-06-08, 14:22:29, 28, 20
14, 2019-08-07, 07:17:10, 19, 28
15, 2019-04-27, 17:54:18, 11, 14
16, 2019-09-12, 15:36:44, 12, 29
17, 2019-06-08, 14:19:06, 0, 12
18, 2019-06-08, 01:01:31, 27, 2
19, 2018-04-27, 08:45:27, 16, 3
20, 2019-06-10, 20:46:08, 18, 15
21, 2018-03-23, 22:09:53, 7, 2
22, 2018-11-26, 07:42:17, 24, 3
23, 2019-06-28, 12:05:42, 14, 21
24, 2019-04-27, 10:53:02, 14, 1
25, 2019-08-23, 04:15:43, 24, 20
26, 2019-01-26, 16:41:33, 13, 21
27, 2018-03-04, 11:14:08, 9, 9
28, 2019-12-14, 10:07:03, 20, 9
29, 2019-11-03, 15:27:07, 13, 6
